c:\projects\rush02\rush02\debug\vc142.pdb
c:\projects\rush02\rush02\debug\vc142.idb
c:\projects\rush02\rush02\debug\util2.obj
c:\projects\rush02\rush02\debug\util.obj
c:\projects\rush02\rush02\debug\trim.obj
c:\projects\rush02\rush02\debug\main.obj
c:\projects\rush02\rush02\debug\hash.obj
c:\projects\rush02\rush02\debug\diction.obj
c:\projects\rush02\rush02\debug\check_argu.obj
c:\projects\rush02\rush02\debug\check.obj
c:\projects\rush02\debug\rush02.pdb
c:\projects\rush02\rush02\debug\rush02.tlog\cl.command.1.tlog
c:\projects\rush02\rush02\debug\rush02.tlog\cl.read.1.tlog
c:\projects\rush02\rush02\debug\rush02.tlog\cl.write.1.tlog
c:\projects\rush02\rush02\debug\rush02.tlog\link-cvtres.read.1.tlog
c:\projects\rush02\rush02\debug\rush02.tlog\link-cvtres.write.1.tlog
c:\projects\rush02\rush02\debug\rush02.tlog\link-rc.read.1.tlog
c:\projects\rush02\rush02\debug\rush02.tlog\link-rc.write.1.tlog
c:\projects\rush02\rush02\debug\rush02.tlog\link.command.1.tlog
c:\projects\rush02\rush02\debug\rush02.tlog\link.read.1.tlog
c:\projects\rush02\rush02\debug\rush02.tlog\link.write.1.tlog
